<?xml version="1.0" encoding="UTF-8"?>
<testsuite name="AddressBookTest" tests="1" skipped="0" failures="0" errors="0" timestamp="2021-08-21T04:11:59" hostname="KAVIYA-LAPTOP" time="0.024">
  <properties/>
  <testcase name="whenGivenAddressbook_whenAdded_shouldReturnContactList()" classname="AddressBookTest" time="0.024"/>
  <system-out><![CDATA[]]></system-out>
  <system-err><![CDATA[]]></system-err>
</testsuite>
